<users>
  <user age="72">John Doe</user>
  <user age="69">Jane Doe</user>
</users>